<?xml version="1.0" encoding="UTF-8"?>
<testng-results skipped="0" failed="0" ignored="0" total="9" passed="9">
  <reporter-output>
  </reporter-output>
  <suite name="Default suite" duration-ms="53440" started-at="2018-07-02T05:58:57Z" finished-at="2018-07-02T05:59:50Z">
    <groups>
    </groups>
    <test name="Default test" duration-ms="53440" started-at="2018-07-02T05:58:57Z" finished-at="2018-07-02T05:59:50Z">
      <class name="com.qainfotech.Hris_Assertion_10.AppTest">
        <test-method status="PASS" signature="driver()[pri:0, instance:com.qainfotech.Hris_Assertion_10.AppTest@6f7fd0e6]" name="driver" is-config="true" duration-ms="8120" started-at="2018-07-02T05:58:57Z" finished-at="2018-07-02T05:59:05Z">
          <reporter-output>
          </reporter-output>
        </test-method> <!-- driver -->
        <test-method status="PASS" signature="login1()[pri:0, instance:com.qainfotech.Hris_Assertion_10.AppTest@6f7fd0e6]" name="login1" duration-ms="94" started-at="2018-07-02T05:59:05Z" finished-at="2018-07-02T05:59:05Z">
          <reporter-output>
          </reporter-output>
        </test-method> <!-- login1 -->
        <test-method status="PASS" signature="fail_login1()[pri:1, instance:com.qainfotech.Hris_Assertion_10.AppTest@6f7fd0e6]" name="fail_login1" duration-ms="229" started-at="2018-07-02T05:59:05Z" finished-at="2018-07-02T05:59:05Z">
          <reporter-output>
          </reporter-output>
        </test-method> <!-- fail_login1 -->
        <test-method status="PASS" signature="fail_login2()[pri:2, instance:com.qainfotech.Hris_Assertion_10.AppTest@6f7fd0e6]" name="fail_login2" duration-ms="2181" started-at="2018-07-02T05:59:05Z" finished-at="2018-07-02T05:59:07Z">
          <reporter-output>
          </reporter-output>
        </test-method> <!-- fail_login2 -->
        <test-method status="PASS" signature="fail_login3()[pri:3, instance:com.qainfotech.Hris_Assertion_10.AppTest@6f7fd0e6]" name="fail_login3" duration-ms="3009" started-at="2018-07-02T05:59:07Z" finished-at="2018-07-02T05:59:10Z">
          <reporter-output>
          </reporter-output>
        </test-method> <!-- fail_login3 -->
        <test-method status="PASS" signature="fail_login4()[pri:4, instance:com.qainfotech.Hris_Assertion_10.AppTest@6f7fd0e6]" name="fail_login4" duration-ms="2840" started-at="2018-07-02T05:59:10Z" finished-at="2018-07-02T05:59:13Z">
          <reporter-output>
          </reporter-output>
        </test-method> <!-- fail_login4 -->
        <test-method status="PASS" signature="valid_login()[pri:5, instance:com.qainfotech.Hris_Assertion_10.AppTest@6f7fd0e6]" name="valid_login" duration-ms="5480" started-at="2018-07-02T05:59:13Z" finished-at="2018-07-02T05:59:19Z">
          <reporter-output>
          </reporter-output>
        </test-method> <!-- valid_login -->
        <test-method status="PASS" signature="logout()[pri:6, instance:com.qainfotech.Hris_Assertion_10.AppTest@6f7fd0e6]" name="logout" duration-ms="7548" started-at="2018-07-02T05:59:19Z" finished-at="2018-07-02T05:59:26Z">
          <reporter-output>
          </reporter-output>
        </test-method> <!-- logout -->
        <test-method status="PASS" signature="remember_user()[pri:7, instance:com.qainfotech.Hris_Assertion_10.AppTest@6f7fd0e6]" name="remember_user" duration-ms="21726" started-at="2018-07-02T05:59:26Z" finished-at="2018-07-02T05:59:48Z">
          <reporter-output>
          </reporter-output>
        </test-method> <!-- remember_user -->
        <test-method status="PASS" signature="Forgot_Password()[pri:8, instance:com.qainfotech.Hris_Assertion_10.AppTest@6f7fd0e6]" name="Forgot_Password" duration-ms="1906" started-at="2018-07-02T05:59:48Z" finished-at="2018-07-02T05:59:50Z">
          <reporter-output>
          </reporter-output>
        </test-method> <!-- Forgot_Password -->
      </class> <!-- com.qainfotech.Hris_Assertion_10.AppTest -->
    </test> <!-- Default test -->
  </suite> <!-- Default suite -->
</testng-results>
